<?xml version="1.0" encoding="UTF-8"?>
<testng-results ignored="0" total="1" passed="1" failed="0" skipped="0">
  <reporter-output>
  </reporter-output>
  <suite started-at="2022-08-05T12:44:24 IST" name="Default suite" finished-at="2022-08-05T12:45:41 IST" duration-ms="77344">
    <groups>
    </groups>
    <test started-at="2022-08-05T12:44:24 IST" name="Default test" finished-at="2022-08-05T12:45:41 IST" duration-ms="77344">
      <class name="testCases.LoginTest">
        <test-method is-config="true" signature="setUp()[pri:0, instance:testCases.LoginTest@7c24b813]" started-at="2022-08-05T12:44:24 IST" name="setUp" finished-at="2022-08-05T12:44:32 IST" duration-ms="8471" status="PASS">
          <reporter-output>
          </reporter-output>
        </test-method> <!-- setUp -->
        <test-method signature="loginTest()[pri:0, instance:testCases.LoginTest@7c24b813]" started-at="2022-08-05T12:44:32 IST" name="loginTest" finished-at="2022-08-05T12:45:40 IST" duration-ms="67368" status="PASS">
          <reporter-output>
          </reporter-output>
        </test-method> <!-- loginTest -->
        <test-method is-config="true" signature="tearDown()[pri:0, instance:testCases.LoginTest@7c24b813]" started-at="2022-08-05T12:45:40 IST" name="tearDown" finished-at="2022-08-05T12:45:41 IST" duration-ms="1463" status="PASS">
          <reporter-output>
          </reporter-output>
        </test-method> <!-- tearDown -->
      </class> <!-- testCases.LoginTest -->
    </test> <!-- Default test -->
  </suite> <!-- Default suite -->
</testng-results>
